<?xml version="1.0" encoding="UTF-8"?>
<!-- Generated by org.testng.reporters.JUnitReportReporter -->
<testsuite hostname="DESKTOP-E026L7N" failures="0" tests="1" name="testclasses.LoginPageNewCustomerTest" time="0.480" errors="0" timestamp="2024-02-13T08:36:08 BDT" skipped="0">
  <testcase classname="testclasses.LoginPageNewCustomerTest" name="clickOnNewCustomerContinueButton" time="0.480"/>
</testsuite> <!-- testclasses.LoginPageNewCustomerTest -->
