<?xml version="1.0" encoding="UTF-8"?>
<!-- Generated by org.testng.reporters.JUnitReportReporter -->
<testsuite hostname="DESKTOP-E026L7N" failures="0" tests="2" name="testclasses.HomePageTest" time="4.299" errors="0" timestamp="2024-02-14T01:28:37 BDT" skipped="0">
  <testcase classname="testclasses.HomePageTest" name="homePageStartup" time="1.732"/>
  <testcase classname="testclasses.HomePageTest" name="clickOnAccountButton" time="2.567"/>
</testsuite> <!-- testclasses.HomePageTest -->
