<?xml version="1.0" encoding="UTF-8"?>
<!-- Generated by org.testng.reporters.JUnitReportReporter -->
<testsuite hostname="DESKTOP-E026L7N" failures="0" tests="1" name="testclasses.LaptopSelectionFromPage" time="3.430" errors="0" timestamp="2024-02-14T01:28:37 BDT" skipped="0">
  <testcase classname="testclasses.LaptopSelectionFromPage" name="selectLaptop" time="3.430"/>
</testsuite> <!-- testclasses.LaptopSelectionFromPage -->
