<?xml version="1.0" encoding="UTF-8"?>
<!-- Generated by org.testng.reporters.JUnitReportReporter -->
<testsuite hostname="DESKTOP-E026L7N" failures="0" tests="1" name="testclasses.DropdownToAppleLaptop" time="3.599" errors="0" timestamp="2024-02-14T02:52:20 BDT" skipped="0">
  <testcase classname="testclasses.DropdownToAppleLaptop" name="clickToAppleLaptopTest" time="3.599"/>
</testsuite> <!-- testclasses.DropdownToAppleLaptop -->
