<?xml version="1.0" encoding="UTF-8"?>
<!-- Generated by org.testng.reporters.JUnitReportReporter -->
<testsuite hostname="DESKTOP-E026L7N" failures="0" tests="1" name="testclasses.ResgistrationTest" time="17.442" errors="0" timestamp="2024-02-14T02:43:41 BDT" skipped="0">
  <testcase classname="testclasses.ResgistrationTest" name="submitRegistration" time="17.442"/>
</testsuite> <!-- testclasses.ResgistrationTest -->
